\BOOKMARK [1][-]{section.1}{\376\377\140\073\117\123\140\035\215\357}{}% 1
\BOOKMARK [2][-]{subsection.1.1}{\376\377\220\123\215\357\177\121\176\334\377\010\126\376\152\041\127\213\377\011}{section.1}% 2
\BOOKMARK [2][-]{subsection.1.2}{\376\377\145\366\225\364\143\250\217\333\116\016\116\373\122\241\165\037\142\020}{section.1}% 3
\BOOKMARK [2][-]{subsection.1.3}{\376\377\217\146\226\037\116\016\200\375\200\027}{section.1}% 4
\BOOKMARK [2][-]{subsection.1.4}{\376\377\127\372\176\277\214\003\136\246\173\126\165\145\377\010\000f\000l\000e\000e\000t\000\137\000s\000i\000m\000u\000l\000a\000t\000i\000o\000n\000.\000p\000y\377\011\377\032\116\323\136\223\131\032\171\150\210\305\217\146\000\040\000+\000\040\147\000\217\321\220\273\221\115\220\001\230\172\136\217}{section.1}% 5
\BOOKMARK [2][-]{subsection.1.5}{\376\377\121\103\124\057\123\321\137\017\133\371\153\324\133\236\163\260\377\010\000f\000l\000e\000e\000t\000\137\000m\000e\000t\000a\000h\000e\000u\000r\000i\000s\000t\000i\000c\000.\000p\000y\377\011}{section.1}% 6
\BOOKMARK [2][-]{subsection.1.6}{\376\377\121\105\165\065\116\016\143\222\226\037}{section.1}% 7
\BOOKMARK [1][-]{section.2}{\376\377\124\004\211\304\152\041\127\072\146\157\166\204\121\167\117\123\145\160\221\317}{}% 8
\BOOKMARK [1][-]{section.3}{\376\377\147\000\176\310\137\227\122\006\166\204\124\053\116\111\116\016\213\241\173\227\121\154\137\017}{}% 9
\BOOKMARK [2][-]{subsection.3.1}{\376\377\135\362\133\214\142\020\116\373\122\241\166\204\215\041\163\056}{section.3}% 10
\BOOKMARK [2][-]{subsection.3.2}{\376\377\147\052\133\214\142\020\377\010\217\307\147\037\377\011\116\373\122\241\166\204\140\351\177\132}{section.3}% 11
\BOOKMARK [2][-]{subsection.3.3}{\376\377\131\202\117\125\211\343\213\373\000\040\000S}{section.3}% 12
\BOOKMARK [1][-]{section.4}{\376\377\227\131\140\001\000\040\000M\000I\000L\000P\377\010\000f\000l\000e\000e\000t\000\137\000g\000u\000r\000o\000b\000i\000\137\000s\000t\000a\000t\000i\000c\000.\000p\000y\377\011\116\016\171\273\145\143\116\377\167\037\377\010\000f\000l\000e\000e\000t\000\137\000s\000i\000m\000u\000l\000a\000t\000i\000o\000n\000.\000p\000y\377\011\166\204\133\371\161\147}{}% 13
\BOOKMARK [2][-]{subsection.4.1}{\376\377\145\160\143\156\116\016\226\217\147\072\116\026\165\114\377\032\123\357\116\016\116\377\167\037\133\371\237\120\166\204\220\350\122\006}{section.4}% 14
\BOOKMARK [2][-]{subsection.4.2}{\376\377\152\041\127\213\176\323\147\204\377\032\116\016\116\377\167\037\116\015\116\000\201\364\142\026\116\305\116\072\217\321\117\074\166\204\220\350\122\006}{section.4}% 15
\BOOKMARK [2][-]{subsection.4.3}{\376\377\133\371\161\147\134\017\176\323\210\150\377\010\117\277\116\216\142\245\124\112\137\025\165\050\377\011}{section.4}% 16
\BOOKMARK [2][-]{subsection.4.4}{\376\377\131\202\117\125\144\260\121\231\133\371\153\324\176\323\213\272}{section.4}% 17
\BOOKMARK [1][-]{section.5}{\376\377\134\017\176\323}{}% 18
\BOOKMARK [1][-]{section.6}{\376\377\165\065\221\317\155\210\200\027\166\204\121\167\117\123\123\302\145\160\116\016\121\154\137\017\377\010\116\305\217\375\122\240\213\364\146\016\377\011}{}% 19
\BOOKMARK [2][-]{subsection.6.1}{\376\377\123\302\145\160\133\232\116\111\377\010\236\330\213\244\127\072\146\157\121\161\165\050\377\011}{section.6}% 20
\BOOKMARK [2][-]{subsection.6.2}{\376\377\123\125\153\265\210\114\232\166\377\032\200\375\200\027\116\016\145\366\225\364}{section.6}% 21
\BOOKMARK [2][-]{subsection.6.3}{\376\377\166\364\217\276\122\044\133\232\116\016\040\034\121\110\121\105\124\016\220\001\040\035\122\044\133\232}{section.6}% 22
\BOOKMARK [2][-]{subsection.6.4}{\376\377\121\105\165\065\145\366\225\177\116\016\121\105\124\016\165\065\221\317}{section.6}% 23
\BOOKMARK [2][-]{subsection.6.5}{\376\377\143\222\226\037\116\016\137\000\131\313\121\105\165\065\145\366\122\073}{section.6}% 24
\BOOKMARK [2][-]{subsection.6.6}{\376\377\176\317\172\331\210\145\200\375\124\016\166\204\122\060\217\276\145\366\122\073\116\016\176\310\160\271\165\065\221\317}{section.6}% 25
\BOOKMARK [2][-]{subsection.6.7}{\376\377\121\105\165\065\172\331\220\011\142\351\121\306\122\031\377\010\116\343\170\001\133\236\163\260\123\343\137\204\377\011}{section.6}% 26
